<?xml version="1.0" encoding="UTF-8"?>
<testsuite xmlns:xsi="http://www.w3.org/2001/XMLSchema-instance" xsi:noNamespaceSchemaLocation="https://maven.apache.org/surefire/maven-surefire-plugin/xsd/surefire-test-report-3.0.xsd" version="3.0" name="MyClassAppTests" time="0.049" tests="6" errors="0" skipped="0" failures="0">
  <properties>
[...]
</properties>
  <testcase name="testVectorProduct" classname="MyClassAppTests" time="0.024"/>
  <testcase name="testModuleVector" classname="MyClassAppTests" time="0"/>
  <testcase name="testScalarProduct" classname="MyClassAppTests" time="0.001"/>
  <testcase name="testAngleBetweenVectors" classname="MyClassAppTests" time="0.001"/>
  <testcase name="testSubtractionVector" classname="MyClassAppTests" time="0.002"/>
  <testcase name="testAdditionVector" classname="MyClassAppTests" time="0"/>
</testsuite>